<?xml version="1.0" encoding="UTF-8"?>
<robot generator="Robot 5.0.1 (Python 3.10.12 on win32)" generated="20231128 14:02:04.410" rpa="false" schemaversion="3">
<suite id="s1" name="Transaction" source="c:\Users\winah\OneDrive\Documents\automation-catalyst-backup\Web\test\transaction.robot">
<test id="s1-t1" name="Scenario: Buy watches in Jamtangan.com" line="7">
<kw name="Given user open browser" library="resource">
<kw name="Evaluate" library="BuiltIn">
<var>${chrome_options}</var>
<arg>sys.modules['selenium.webdriver'].ChromeOptions()</arg>
<arg>sys</arg>
<doc>Evaluates the given expression in Python and returns the result.</doc>
<msg timestamp="20231128 14:02:05.123" level="INFO">${chrome_options} = &lt;selenium.webdriver.chrome.options.Options object at 0x000001F5B4581330&gt;</msg>
<status status="PASS" starttime="20231128 14:02:05.120" endtime="20231128 14:02:05.130"/>
</kw>
<kw name="Call Method" library="BuiltIn">
<arg>${chrome_options}</arg>
<arg>add_argument</arg>
<arg>--disable-notifications</arg>
<doc>Calls the named method of the given object with the provided arguments.</doc>
<status status="PASS" starttime="20231128 14:02:05.131" endtime="20231128 14:02:05.132"/>
</kw>
<kw name="Open Browser" library="SeleniumLibrary">
<arg>${base_url}</arg>
<arg>${browser}</arg>
<arg>chrome_options=${chrome_options}</arg>
<doc>Opens a new browser instance to the optional ``url``.</doc>
<msg timestamp="20231128 14:02:05.136" level="INFO">Opening browser 'Chrome' to base url 'https://www.jamtangan.com/'.</msg>
<status status="PASS" starttime="20231128 14:02:05.133" endtime="20231128 14:02:16.566"/>
</kw>
<kw name="Maximize Browser Window" library="SeleniumLibrary">
<doc>Maximizes current browser window.</doc>
<status status="PASS" starttime="20231128 14:02:16.566" endtime="20231128 14:02:16.850"/>
</kw>
<status status="PASS" starttime="20231128 14:02:05.119" endtime="20231128 14:02:16.852"/>
</kw>
<kw name="When user login in web" library="resource">
<kw name="Wait Until Element Is Visible" library="SeleniumLibrary">
<arg>${button_allow}</arg>
<doc>Waits until the element ``locator`` is visible.</doc>
<status status="PASS" starttime="20231128 14:02:16.866" endtime="20231128 14:02:18.802"/>
</kw>
<kw name="Click Button" library="SeleniumLibrary">
<arg>${button_allow}</arg>
<doc>Clicks the button identified by ``locator``.</doc>
<msg timestamp="20231128 14:02:18.802" level="INFO">Clicking button '//button[text()="Izinkan"]'.</msg>
<status status="PASS" starttime="20231128 14:02:18.802" endtime="20231128 14:02:18.989"/>
</kw>
<kw name="Wait Until Element Is Visible" library="SeleniumLibrary">
<arg>${button_login}</arg>
<doc>Waits until the element ``locator`` is visible.</doc>
<status status="PASS" starttime="20231128 14:02:18.994" endtime="20231128 14:02:19.050"/>
</kw>
<kw name="Click Element" library="SeleniumLibrary">
<arg>${button_login}</arg>
<doc>Click the element identified by ``locator``.</doc>
<msg timestamp="20231128 14:02:19.050" level="INFO">Clicking element '//button[@id='login-button']'.</msg>
<status status="PASS" starttime="20231128 14:02:19.050" endtime="20231128 14:02:19.552"/>
</kw>
<kw name="Input Text" library="SeleniumLibrary">
<arg>${input_name}</arg>
<arg>${name}</arg>
<doc>Types the given ``text`` into the text field identified by ``locator``.</doc>
<msg timestamp="20231128 14:02:19.555" level="INFO">Typing text 'xxxxx' into text field '//input[@name='username']'.</msg>
<status status="PASS" starttime="20231128 14:02:19.553" endtime="20231128 14:02:19.948"/>
</kw>
<kw name="Input Text" library="SeleniumLibrary">
<arg>${input_password}</arg>
<arg>${password}</arg>
<doc>Types the given ``text`` into the text field identified by ``locator``.</doc>
<msg timestamp="20231128 14:02:19.950" level="INFO">Typing text 'xxxxx' into text field '//input[@name='password']'.</msg>
<msg timestamp="20231128 14:02:20.450" level="INFO" html="true">&lt;/td&gt;&lt;/tr&gt;&lt;tr&gt;&lt;td colspan="3"&gt;&lt;a href="selenium-screenshot-1.png"&gt;&lt;img src="selenium-screenshot-1.png" width="800px"&gt;&lt;/a&gt;</msg>
<msg timestamp="20231128 14:02:20.450" level="FAIL">Element with locator '//input[@name='password']' not found.</msg>
<status status="FAIL" starttime="20231128 14:02:19.949" endtime="20231128 14:02:20.563"/>
</kw>
<kw name="Click Element" library="SeleniumLibrary">
<arg>${checkbox_remember}</arg>
<doc>Click the element identified by ``locator``.</doc>
<status status="NOT RUN" starttime="20231128 14:02:20.568" endtime="20231128 14:02:20.568"/>
</kw>
<kw name="Click Button" library="SeleniumLibrary">
<arg>${button__login_popup}</arg>
<doc>Clicks the button identified by ``locator``.</doc>
<status status="NOT RUN" starttime="20231128 14:02:20.568" endtime="20231128 14:02:20.568"/>
</kw>
<status status="FAIL" starttime="20231128 14:02:16.864" endtime="20231128 14:02:20.568"/>
</kw>
<kw name="And choose watch to order" library="resource">
<status status="NOT RUN" starttime="20231128 14:02:20.573" endtime="20231128 14:02:20.573"/>
</kw>
<kw name="And add product to cart" library="resource">
<status status="NOT RUN" starttime="20231128 14:02:20.576" endtime="20231128 14:02:20.577"/>
</kw>
<kw name="And go to shopping cart" library="resource">
<status status="NOT RUN" starttime="20231128 14:02:20.578" endtime="20231128 14:02:20.579"/>
</kw>
<kw name="And input new address" library="resource">
<status status="NOT RUN" starttime="20231128 14:02:20.581" endtime="20231128 14:02:20.582"/>
</kw>
<kw name="Then choose shipping method" library="resource">
<status status="NOT RUN" starttime="20231128 14:02:20.585" endtime="20231128 14:02:20.585"/>
</kw>
<kw name="And validate total payment" library="resource">
<status status="NOT RUN" starttime="20231128 14:02:20.588" endtime="20231128 14:02:20.589"/>
</kw>
<kw name="And choose payment method" library="resource">
<status status="NOT RUN" starttime="20231128 14:02:20.591" endtime="20231128 14:02:20.592"/>
</kw>
<status status="FAIL" starttime="20231128 14:02:05.116" endtime="20231128 14:02:20.596">Element with locator '//input[@name='password']' not found.</status>
</test>
<status status="FAIL" starttime="20231128 14:02:04.423" endtime="20231128 14:02:20.601"/>
</suite>
<statistics>
<total>
<stat pass="0" fail="1" skip="0">All Tests</stat>
</total>
<tag>
</tag>
<suite>
<stat pass="0" fail="1" skip="0" id="s1" name="Transaction">Transaction</stat>
</suite>
</statistics>
<errors>
</errors>
</robot>
